[debug] [2026-02-13T11:33:29.594Z] ----------------------------------------------------------------------
[debug] [2026-02-13T11:33:29.691Z] Command:       /usr/local/bin/firebase /Users/prosper/.cache/firebase/tools/lib/node_modules/firebase-tools/lib/bin/firebase apps:list --project catientservices
[debug] [2026-02-13T11:33:29.691Z] CLI Version:   15.6.0
[debug] [2026-02-13T11:33:29.692Z] Platform:      darwin
[debug] [2026-02-13T11:33:29.692Z] Node Version:  v20.18.2
[debug] [2026-02-13T11:33:29.693Z] Time:          Fri Feb 13 2026 11:33:29 GMT+0000 (Greenwich Mean Time)
[debug] [2026-02-13T11:33:29.694Z] ----------------------------------------------------------------------
[debug] 
[debug] [2026-02-13T11:33:33.459Z] > command requires scopes: ["email","openid","https://www.googleapis.com/auth/cloudplatformprojects.readonly","https://www.googleapis.com/auth/firebase","https://www.googleapis.com/auth/cloud-platform"]
[debug] [2026-02-13T11:33:33.464Z] > authorizing via signed-in user (prosper.alikizang24@gmail.com)
[debug] [2026-02-13T11:33:33.630Z] Checked if tokens are valid: false, expires at: 1770982261147
[debug] [2026-02-13T11:33:33.631Z] Checked if tokens are valid: false, expires at: 1770982261147
[debug] [2026-02-13T11:33:33.632Z] > refreshing access token with scopes: []
[debug] [2026-02-13T11:33:33.645Z] >>> [apiv2][query] POST https://www.googleapis.com/oauth2/v3/token [none]
[debug] [2026-02-13T11:33:33.646Z] >>> [apiv2][body] POST https://www.googleapis.com/oauth2/v3/token [omitted]
[debug] [2026-02-13T11:33:35.264Z] <<< [apiv2][status] POST https://www.googleapis.com/oauth2/v3/token 200
[debug] [2026-02-13T11:33:35.265Z] <<< [apiv2][body] POST https://www.googleapis.com/oauth2/v3/token [omitted]
[error] Authentication Error: Your credentials are no longer valid. Please run firebase login --reauth

For CI servers and headless environments, generate a new token with firebase login:ci
[debug] [2026-02-13T11:33:35.362Z] Authentication Error: Your credentials are no longer valid. Please run firebase login --reauth

For CI servers and headless environments, generate a new token with firebase login:ci
[debug] [2026-02-13T11:33:36.475Z] FirebaseError: Authentication Error: Your credentials are no longer valid. Please run firebase login --reauth

For CI servers and headless environments, generate a new token with firebase login:ci
    at invalidCredentialError (/Users/prosper/.cache/firebase/tools/lib/node_modules/firebase-tools/lib/auth.js:177:12)
    at refreshTokens (/Users/prosper/.cache/firebase/tools/lib/node_modules/firebase-tools/lib/auth.js:590:15)
    at process.processTicksAndRejections (node:internal/process/task_queues:95:5)
    at async getAccessToken (/Users/prosper/.cache/firebase/tools/lib/node_modules/firebase-tools/lib/apiv2.js:49:18)
    at async Client.addAuthHeader (/Users/prosper/.cache/firebase/tools/lib/node_modules/firebase-tools/lib/apiv2.js:179:21)
    at async Client.request (/Users/prosper/.cache/firebase/tools/lib/node_modules/firebase-tools/lib/apiv2.js:126:34)
    at async listFirebaseApps (/Users/prosper/.cache/firebase/tools/lib/node_modules/firebase-tools/lib/management/apps.js:363:30)
    at async Command.actionFn (/Users/prosper/.cache/firebase/tools/lib/node_modules/firebase-tools/lib/commands/apps-list.js:43:16)
[error] 
[error] Error: Failed to list Firebase apps. See firebase-debug.log for more info.
[debug] [2026-02-13T11:33:36.845Z] Error: EPERM: operation not permitted, open '/Users/prosper/.config/configstore/firebase-tools.json.2453250836'
    at Object.openSync (node:fs:573:18)
    at Object.openSync (pkg/prelude/bootstrap.js:793:32)
    at Function.writeFileSync [as sync] (/Users/prosper/.cache/firebase/tools/lib/node_modules/write-file-atomic/index.js:205:13)
    at set all [as all] (/Users/prosper/.cache/firebase/tools/lib/node_modules/configstore/index.js:61:20)
    at Configstore.set (/Users/prosper/.cache/firebase/tools/lib/node_modules/configstore/index.js:91:12)
    at process.<anonymous> (/Users/prosper/.cache/firebase/tools/lib/node_modules/firebase-tools/lib/bin/cli.js:62:39)
    at process.emit (node:events:530:35)
    at process.processEmit [as emit] (/Users/prosper/.cache/firebase/tools/lib/node_modules/write-file-atomic/node_modules/signal-exit/index.js:191:37)
    at process.exit (node:internal/process/per_thread:185:15)
    at Timeout._onTimeout (/Users/prosper/.cache/firebase/tools/lib/node_modules/firebase-tools/lib/errorOut.js:20:17)
[error] 
[error] Error: An unexpected error has occurred.
